D:\JUNGJAEHO\STUDY\3-1\운영체제\과제\FEEDBACK\DEBUG\FEEDBACK.EXE
D:\JUNGJAEHO\STUDY\3-1\운영체제\과제\FEEDBACK\DEBUG\FEEDBACK.ILK
D:\JUNGJAEHO\STUDY\3-1\운영체제\과제\FEEDBACK\DEBUG\FEEDBACK.PDB
D:\JUNGJAEHO\STUDY\3-1\운영체제\과제\FEEDBACK\FEEDBACK\DEBUG\1.OBJ
D:\JungJaeho\STUDY\3-1\운영체제\과제\feedback\feedback\Debug\cl.command.1.tlog
D:\JungJaeho\STUDY\3-1\운영체제\과제\feedback\feedback\Debug\CL.read.1.tlog
D:\JungJaeho\STUDY\3-1\운영체제\과제\feedback\feedback\Debug\CL.write.1.tlog
D:\JUNGJAEHO\STUDY\3-1\운영체제\과제\FEEDBACK\FEEDBACK\DEBUG\FEED.OBJ
D:\JUNGJAEHO\STUDY\3-1\운영체제\과제\FEEDBACK\FEEDBACK\DEBUG\FEEDBACK.EXE.EMBED.MANIFEST
D:\JUNGJAEHO\STUDY\3-1\운영체제\과제\FEEDBACK\FEEDBACK\DEBUG\FEEDBACK.EXE.EMBED.MANIFEST.RES
D:\JUNGJAEHO\STUDY\3-1\운영체제\과제\FEEDBACK\FEEDBACK\DEBUG\FEEDBACK.EXE.INTERMEDIATE.MANIFEST
D:\JungJaeho\STUDY\3-1\운영체제\과제\feedback\feedback\Debug\feedback.vcxprojResolveAssemblyReference.cache
D:\JungJaeho\STUDY\3-1\운영체제\과제\feedback\feedback\Debug\feedback.write.1.tlog
D:\JungJaeho\STUDY\3-1\운영체제\과제\feedback\feedback\Debug\feedback_manifest.rc
D:\JungJaeho\STUDY\3-1\운영체제\과제\feedback\feedback\Debug\link.12344.read.1.tlog
D:\JungJaeho\STUDY\3-1\운영체제\과제\feedback\feedback\Debug\link.12344.write.1.tlog
D:\JungJaeho\STUDY\3-1\운영체제\과제\feedback\feedback\Debug\link.12344-cvtres.read.1.tlog
D:\JungJaeho\STUDY\3-1\운영체제\과제\feedback\feedback\Debug\link.12344-cvtres.write.1.tlog
D:\JungJaeho\STUDY\3-1\운영체제\과제\feedback\feedback\Debug\link.13464.read.1.tlog
D:\JungJaeho\STUDY\3-1\운영체제\과제\feedback\feedback\Debug\link.13464.write.1.tlog
D:\JungJaeho\STUDY\3-1\운영체제\과제\feedback\feedback\Debug\link.13464-cvtres.read.1.tlog
D:\JungJaeho\STUDY\3-1\운영체제\과제\feedback\feedback\Debug\link.13464-cvtres.write.1.tlog
D:\JungJaeho\STUDY\3-1\운영체제\과제\feedback\feedback\Debug\link.14052.read.1.tlog
D:\JungJaeho\STUDY\3-1\운영체제\과제\feedback\feedback\Debug\link.14052.write.1.tlog
D:\JungJaeho\STUDY\3-1\운영체제\과제\feedback\feedback\Debug\link.14052-cvtres.read.1.tlog
D:\JungJaeho\STUDY\3-1\운영체제\과제\feedback\feedback\Debug\link.14052-cvtres.write.1.tlog
D:\JungJaeho\STUDY\3-1\운영체제\과제\feedback\feedback\Debug\link.1612.read.1.tlog
D:\JungJaeho\STUDY\3-1\운영체제\과제\feedback\feedback\Debug\link.1612.write.1.tlog
D:\JungJaeho\STUDY\3-1\운영체제\과제\feedback\feedback\Debug\link.1612-cvtres.read.1.tlog
D:\JungJaeho\STUDY\3-1\운영체제\과제\feedback\feedback\Debug\link.1612-cvtres.write.1.tlog
D:\JungJaeho\STUDY\3-1\운영체제\과제\feedback\feedback\Debug\link.1936.read.1.tlog
D:\JungJaeho\STUDY\3-1\운영체제\과제\feedback\feedback\Debug\link.1936.write.1.tlog
D:\JungJaeho\STUDY\3-1\운영체제\과제\feedback\feedback\Debug\link.1936-cvtres.read.1.tlog
D:\JungJaeho\STUDY\3-1\운영체제\과제\feedback\feedback\Debug\link.1936-cvtres.write.1.tlog
D:\JungJaeho\STUDY\3-1\운영체제\과제\feedback\feedback\Debug\link.5012.read.1.tlog
D:\JungJaeho\STUDY\3-1\운영체제\과제\feedback\feedback\Debug\link.5012.write.1.tlog
D:\JungJaeho\STUDY\3-1\운영체제\과제\feedback\feedback\Debug\link.5012-cvtres.read.1.tlog
D:\JungJaeho\STUDY\3-1\운영체제\과제\feedback\feedback\Debug\link.5012-cvtres.write.1.tlog
D:\JungJaeho\STUDY\3-1\운영체제\과제\feedback\feedback\Debug\link.8292.read.1.tlog
D:\JungJaeho\STUDY\3-1\운영체제\과제\feedback\feedback\Debug\link.8292.write.1.tlog
D:\JungJaeho\STUDY\3-1\운영체제\과제\feedback\feedback\Debug\link.8292-cvtres.read.1.tlog
D:\JungJaeho\STUDY\3-1\운영체제\과제\feedback\feedback\Debug\link.8292-cvtres.write.1.tlog
D:\JungJaeho\STUDY\3-1\운영체제\과제\feedback\feedback\Debug\link.8900.read.1.tlog
D:\JungJaeho\STUDY\3-1\운영체제\과제\feedback\feedback\Debug\link.8900.write.1.tlog
D:\JungJaeho\STUDY\3-1\운영체제\과제\feedback\feedback\Debug\link.8900-cvtres.read.1.tlog
D:\JungJaeho\STUDY\3-1\운영체제\과제\feedback\feedback\Debug\link.8900-cvtres.write.1.tlog
D:\JungJaeho\STUDY\3-1\운영체제\과제\feedback\feedback\Debug\link.9548.read.1.tlog
D:\JungJaeho\STUDY\3-1\운영체제\과제\feedback\feedback\Debug\link.9548.write.1.tlog
D:\JungJaeho\STUDY\3-1\운영체제\과제\feedback\feedback\Debug\link.9548-cvtres.read.1.tlog
D:\JungJaeho\STUDY\3-1\운영체제\과제\feedback\feedback\Debug\link.9548-cvtres.write.1.tlog
D:\JungJaeho\STUDY\3-1\운영체제\과제\feedback\feedback\Debug\link.command.1.tlog
D:\JungJaeho\STUDY\3-1\운영체제\과제\feedback\feedback\Debug\link.read.1.tlog
D:\JungJaeho\STUDY\3-1\운영체제\과제\feedback\feedback\Debug\link.write.1.tlog
D:\JungJaeho\STUDY\3-1\운영체제\과제\feedback\feedback\Debug\link-cvtres.read.1.tlog
D:\JungJaeho\STUDY\3-1\운영체제\과제\feedback\feedback\Debug\link-cvtres.write.1.tlog
D:\JungJaeho\STUDY\3-1\운영체제\과제\feedback\feedback\Debug\mt.command.1.tlog
D:\JungJaeho\STUDY\3-1\운영체제\과제\feedback\feedback\Debug\mt.read.1.tlog
D:\JungJaeho\STUDY\3-1\운영체제\과제\feedback\feedback\Debug\mt.write.1.tlog
D:\JungJaeho\STUDY\3-1\운영체제\과제\feedback\feedback\Debug\rc.command.1.tlog
D:\JungJaeho\STUDY\3-1\운영체제\과제\feedback\feedback\Debug\rc.read.1.tlog
D:\JungJaeho\STUDY\3-1\운영체제\과제\feedback\feedback\Debug\rc.write.1.tlog
D:\JungJaeho\STUDY\3-1\운영체제\과제\feedback\feedback\Debug\vc100.idb
D:\JUNGJAEHO\STUDY\3-1\운영체제\과제\FEEDBACK\FEEDBACK\DEBUG\VC100.PDB
